<?xml version="1.0" encoding="UTF-8"?>
<testsuite name="hello.core.scope.PrototypeTest" tests="1" skipped="0" failures="0" errors="0" timestamp="2023-06-29T03:56:31" hostname="leehobinui-MacBookPro.local" time="0.125">
  <properties/>
  <testcase name="prototypeFindBean()" classname="hello.core.scope.PrototypeTest" time="0.125"/>
  <system-out><![CDATA[12:56:31.714 [Test worker] DEBUG org.springframework.context.annotation.AnnotationConfigApplicationContext - Refreshing org.springframework.context.annotation.AnnotationConfigApplicationContext@3f1d2e23
12:56:31.722 [Test worker] DEBUG org.springframework.beans.factory.support.DefaultListableBeanFactory - Creating shared instance of singleton bean 'org.springframework.context.annotation.internalConfigurationAnnotationProcessor'
12:56:31.731 [Test worker] DEBUG org.springframework.beans.factory.support.DefaultListableBeanFactory - Creating shared instance of singleton bean 'org.springframework.context.event.internalEventListenerProcessor'
12:56:31.732 [Test worker] DEBUG org.springframework.beans.factory.support.DefaultListableBeanFactory - Creating shared instance of singleton bean 'org.springframework.context.event.internalEventListenerFactory'
12:56:31.733 [Test worker] DEBUG org.springframework.beans.factory.support.DefaultListableBeanFactory - Creating shared instance of singleton bean 'org.springframework.context.annotation.internalAutowiredAnnotationProcessor'
12:56:31.734 [Test worker] DEBUG org.springframework.beans.factory.support.DefaultListableBeanFactory - Creating shared instance of singleton bean 'org.springframework.context.annotation.internalCommonAnnotationProcessor'
PrototypeBean.init
PrototypeBean.init
bean1 = hello.core.scope.PrototypeTest$PrototypeBean@23fb172e
bean2 = hello.core.scope.PrototypeTest$PrototypeBean@64ba3208
12:56:31.771 [Test worker] DEBUG org.springframework.context.annotation.AnnotationConfigApplicationContext - Closing org.springframework.context.annotation.AnnotationConfigApplicationContext@3f1d2e23, started on Thu Jun 29 12:56:31 KST 2023
]]></system-out>
  <system-err><![CDATA[]]></system-err>
</testsuite>
